  adding: bootstrap/ (stored 0%)
  adding: bootstrap/cache/ (stored 0%)
  adding: bootstrap/cache/.gitignore (stored 0%)
  adding: bootstrap/autoload.php (deflated 29%)
  adding: bootstrap/app.php (deflated 29%)
  adding: package-lock.json (deflated 80%)
  adding: phpcs.xml (deflated 29%)
  adding: _ide_helper.php (deflated 24%)
  adding: DB/ (stored 0%)
  adding: DB/update from v1.9.0 to v1.9.4/ (stored 0%)
  adding: DB/update from v1.9.0 to v1.9.4/updatedatabase.sql (deflated 85%)
  adding: DB/update from v1.9.26 to v1.9.27/ (stored 0%)
  adding: DB/update from v1.9.26 to v1.9.27/updatedatabase.sql (deflated 54%)
  adding: DB/update from v1.9.31 to v1.9.32/ (stored 0%)
  adding: DB/update from v1.9.31 to v1.9.32/updatedatabase.sql (deflated 73%)
  adding: DB/update from v1.9.36 to v1.9.37/ (stored 0%)
  adding: DB/update from v1.9.36 to v1.9.37/updatedatabase.sql (deflated 74%)
  adding: DB/update from v1.9.15 to v1.9.16/ (stored 0%)
  adding: DB/update from v1.9.15 to v1.9.16/updatedatabase.sql (deflated 56%)
  adding: DB/update from v1.9.22 to v1.9.23/ (stored 0%)
  adding: DB/update from v1.9.22 to v1.9.23/updatedatabase.sql (deflated 56%)
  adding: DB/update from v1.9.16 to v1.9.17/ (stored 0%)
  adding: DB/update from v1.9.16 to v1.9.17/updatedatabase.sql (deflated 47%)
  adding: DB/mysql/ (stored 0%)
  adding: DB/mysql/v1.9.47/ (stored 0%)
  adding: DB/mysql/v1.9.47/updatedatabase.sql (deflated 69%)
  adding: DB/mysql/v1.9.40/ (stored 0%)
  adding: DB/mysql/v1.9.40/updatedatabase.sql (deflated 52%)
  adding: DB/mysql/v1.9.42/ (stored 0%)
  adding: DB/mysql/v1.9.42/updatedatabase.sql (deflated 74%)
  adding: DB/mysql/v1.9.41/ (stored 0%)
  adding: DB/mysql/v1.9.41/updatedatabase.sql (deflated 52%)
  adding: DB/mysql/v1.9.28/ (stored 0%)
  adding: DB/mysql/v1.9.28/updatedatabase.sql (deflated 66%)
  adding: DB/mysql/v1.9.44/ (stored 0%)
  adding: DB/mysql/v1.9.44/updatedatabase.sql (deflated 80%)
  adding: DB/mysql/v1.9.29/ (stored 0%)
  adding: DB/mysql/v1.9.29/updatedatabase.sql (deflated 53%)
  adding: DB/mysql/v1.9.22/ (stored 0%)
  adding: DB/mysql/v1.9.22/updatedatabase.sql (deflated 75%)
  adding: DB/mysql/v1.9.37/ (stored 0%)
  adding: DB/mysql/v1.9.37/updatedatabase.sql (deflated 74%)
  adding: DB/mysql/v1.9.30/ (stored 0%)
  adding: DB/mysql/v1.9.30/updatedatabase.sql (deflated 70%)
  adding: DB/mysql/v1.9.43/ (stored 0%)
  adding: DB/mysql/v1.9.43/updatedatabase.sql (deflated 52%)
  adding: DB/mysql/v1.9.20/ (stored 0%)
  adding: DB/mysql/v1.9.20/updatedatabase.sql (deflated 75%)
  adding: DB/mysql/v1.9.25/ (stored 0%)
  adding: DB/mysql/v1.9.25/updatedatabase.sql (deflated 60%)
  adding: DB/mysql/v1.9.19/ (stored 0%)
  adding: DB/mysql/v1.9.19/updatedatabase.sql (deflated 75%)
  adding: DB/mysql/v1.9.31/ (stored 0%)
  adding: DB/mysql/v1.9.31/updatedatabase.sql (deflated 51%)
  adding: DB/mysql/v1.9.33/ (stored 0%)
  adding: DB/mysql/v1.9.33/updatedatabase.sql (deflated 71%)
  adding: DB/mysql/v1.9.35/ (stored 0%)
  adding: DB/mysql/v1.9.35/updatedatabase.sql (deflated 57%)
  adding: DB/mysql/v1.9.36/ (stored 0%)
  adding: DB/mysql/v1.9.36/updatedatabase.sql (deflated 51%)
  adding: DB/mysql/v1.9.46/ (stored 0%)
  adding: DB/mysql/v1.9.46/updatedatabase.sql (deflated 53%)
  adding: DB/mysql/v1.9.23/ (stored 0%)
  adding: DB/mysql/v1.9.23/updatedatabase.sql (deflated 56%)
  adding: DB/mysql/v1.9.38/ (stored 0%)
  adding: DB/mysql/v1.9.38/updatedatabase.sql (deflated 52%)
  adding: DB/mysql/v1.9.39/ (stored 0%)
  adding: DB/mysql/v1.9.39/updatedatabase.sql (deflated 54%)
  adding: DB/mysql/v1.9.26/ (stored 0%)
  adding: DB/mysql/v1.9.26/updatedatabase.sql (deflated 57%)
  adding: DB/mysql/v1.9.45/ (stored 0%)
  adding: DB/mysql/v1.9.45/updatedatabase.sql (deflated 56%)
  adding: DB/mysql/v1.9.32/ (stored 0%)
  adding: DB/mysql/v1.9.32/updatedatabase.sql (deflated 73%)
  adding: DB/update from v1.9.27 to v1.9.28/ (stored 0%)
  adding: DB/update from v1.9.27 to v1.9.28/updatedatabase.sql (deflated 66%)
  adding: DB/update from 1.0.7.8 to 1.0.7.9/ (stored 0%)
  adding: DB/update from 1.0.7.8 to 1.0.7.9/Updatedatabase.sql (deflated 64%)
  adding: DB/update from 1.9.5 to v1.9.14-beta/ (stored 0%)
  adding: DB/update from 1.9.5 to v1.9.14-beta/updatedatabase.sql (deflated 86%)
  adding: DB/update from v1.9.4 to v1.9.5/ (stored 0%)
  adding: DB/update from v1.9.4 to v1.9.5/updatedatabase.sql (deflated 49%)
  adding: DB/demodatabase.sql (deflated 82%)
  adding: DB/update from 1.0.7.4 to 1.0.7.5/ (stored 0%)
  adding: DB/update from 1.0.7.4 to 1.0.7.5/Updatedatabase.sql (deflated 75%)
  adding: DB/update from 1.0.8.0 to 1.9.0/ (stored 0%)
  adding: DB/update from 1.0.8.0 to 1.9.0/updatedatabase.sql (deflated 84%)
  adding: DB/update from v1.9.20 to v1.9.22/ (stored 0%)
  adding: DB/update from v1.9.20 to v1.9.22/updatedatabase.sql (deflated 75%)
  adding: DB/update from v1.9.19 to v1.9.20/ (stored 0%)
  adding: DB/update from v1.9.19 to v1.9.20/updatedatabase.sql (deflated 75%)
  adding: DB/update from v1.9.46 to v1.9.47/ (stored 0%)
  adding: DB/update from v1.9.46 to v1.9.47/updatedatabase.sql (deflated 69%)
  adding: DB/update from v1.9.24 to v1.9.25/ (stored 0%)
  adding: DB/update from v1.9.24 to v1.9.25/updatedatabase.sql (deflated 60%)
  adding: DB/OldMigrationList.php (deflated 24%)
  adding: DB/dummy-data-smart.sql (deflated 82%)
  adding: DB/update from v1.9.44 to v1.9.45/ (stored 0%)
  adding: DB/update from v1.9.44 to v1.9.45/updatedatabase.sql (deflated 56%)
  adding: DB/update from v1.9.34 to v1.9.35/ (stored 0%)
  adding: DB/update from v1.9.34 to v1.9.35/updatedatabase.sql (deflated 57%)
  adding: DB/update from v1.9.18 to v1.9.19/ (stored 0%)
  adding: DB/update from v1.9.18 to v1.9.19/updatedatabase.sql (deflated 75%)
  adding: DB/update from v1.9.39 to v1.9.40/ (stored 0%)
  adding: DB/update from v1.9.39 to v1.9.40/updatedatabase.sql (deflated 52%)
  adding: DB/update from v1.9.32 to v1.9.33/ (stored 0%)
  adding: DB/update from v1.9.32 to v1.9.33/updatedatabase.sql (deflated 71%)
  adding: DB/update from comm-v1.9.6 to pro-1.9.19/ (stored 0%)
  adding: DB/update from comm-v1.9.6 to pro-1.9.19/updatedatabase.sql (deflated 89%)
  adding: DB/update from v1.9.14-beta to v1.9.14/ (stored 0%)
  adding: DB/update from v1.9.14-beta to v1.9.14/updatedatabase.sql (deflated 66%)
  adding: DB/update from v1.9.28 to v1.9.28/ (stored 0%)
  adding: DB/update from v1.9.28 to v1.9.28/updatedatabase.sql (deflated 53%)
  adding: DB/dummy-data.sql (deflated 76%)
  adding: DB/update from v1.9.14 to v1.9.15/ (stored 0%)
  adding: DB/update from v1.9.14 to v1.9.15/updatedatabase.sql (deflated 86%)
  adding: DB/update from v1.9.41 to v1.9.42/ (stored 0%)
  adding: DB/update from v1.9.41 to v1.9.42/updatedatabase.sql (deflated 74%)
  adding: DB/update from v1.9.45 to v1.9.46/ (stored 0%)
  adding: DB/update from v1.9.45 to v1.9.46/updatedatabase.sql (deflated 53%)
  adding: DB/update from v1.9.33 to v1.9.34/ (stored 0%)
  adding: DB/update from v1.9.33 to v1.9.34/updatedatabase.sql (deflated 51%)
  adding: DB/dummy-data-old.sql (deflated 82%)
  adding: DB/update from v1.9.40 to v1.9.41/ (stored 0%)
  adding: DB/update from v1.9.40 to v1.9.41/updatedatabase.sql (deflated 52%)
  adding: DB/update from v1.9.42 to v1.9.43/ (stored 0%)
  adding: DB/update from v1.9.42 to v1.9.43/updatedatabase.sql (deflated 52%)
  adding: DB/update from v1.9.38 to v1.9.39/ (stored 0%)
  adding: DB/update from v1.9.38 to v1.9.39/updatedatabase.sql (deflated 54%)
  adding: DB/update from 1.0.6.10 to 1.0.7/ (stored 0%)
  adding: DB/update from 1.0.6.10 to 1.0.7/Updatedatabase.sql (deflated 81%)
  adding: DB/update from v1.9.43 to v1.9.44/ (stored 0%)
  adding: DB/update from v1.9.43 to v1.9.44/updatedatabase.sql (deflated 80%)
  adding: DB/update from v1.9.30 to v1.9.31/ (stored 0%)
  adding: DB/update from v1.9.30 to v1.9.31/updatedatabase.sql (deflated 51%)
  adding: DB/update From v1.9.29 to v1.9.30/ (stored 0%)
  adding: DB/update From v1.9.29 to v1.9.30/updatedatabase.sql (deflated 70%)
  adding: DB/update from v1.9.25 to v1.9.26/ (stored 0%)
  adding: DB/update from v1.9.25 to v1.9.26/updatedatabase.sql (deflated 57%)
  adding: DB/update from v1.9.35 to v1.9.36/ (stored 0%)
  adding: DB/update from v1.9.35 to v1.9.36/updatedatabase.sql (deflated 51%)
  adding: DB/Read Me.txt (deflated 77%)
  adding: DB/update from v1.9.37 to v1.9.38/ (stored 0%)
  adding: DB/update from v1.9.37 to v1.9.38/updatedatabase.sql (deflated 52%)
  adding: phpstan.neon (deflated 42%)
  adding: index.html (deflated 18%)
  adding: faveo_release.log